Determining if the pthread_create exist failed with the following output:
Change Dir: /home/advait/Desktop/Courses_Fall2021/ENPM808X/Assignments/TDD_Part1/tdd_exercise_empty/CMakeFiles/CMakeTmp

Run Build Command:"/usr/bin/make" "cmTC_f4bb4/fast"
/usr/bin/make -f CMakeFiles/cmTC_f4bb4.dir/build.make CMakeFiles/cmTC_f4bb4.dir/build
make[1]: Entering directory '/home/advait/Desktop/Courses_Fall2021/ENPM808X/Assignments/TDD_Part1/tdd_exercise_empty/CMakeFiles/CMakeTmp'
Building C object CMakeFiles/cmTC_f4bb4.dir/CheckSymbolExists.c.o
/usr/bin/cc   -g -O0 -fprofile-arcs -ftest-coverage    -o CMakeFiles/cmTC_f4bb4.dir/CheckSymbolExists.c.o   -c /home/advait/Desktop/Courses_Fall2021/ENPM808X/Assignments/TDD_Part1/tdd_exercise_empty/CMakeFiles/CMakeTmp/CheckSymbolExists.c
Linking C executable cmTC_f4bb4
/usr/bin/cmake -E cmake_link_script CMakeFiles/cmTC_f4bb4.dir/link.txt --verbose=1
/usr/bin/cc -g -O0 -fprofile-arcs -ftest-coverage     -rdynamic CMakeFiles/cmTC_f4bb4.dir/CheckSymbolExists.c.o  -o cmTC_f4bb4 
CMakeFiles/cmTC_f4bb4.dir/CheckSymbolExists.c.o: In function `main':
/home/advait/Desktop/Courses_Fall2021/ENPM808X/Assignments/TDD_Part1/tdd_exercise_empty/CMakeFiles/CMakeTmp/CheckSymbolExists.c:8: undefined reference to `pthread_create'
collect2: error: ld returned 1 exit status
CMakeFiles/cmTC_f4bb4.dir/build.make:97: recipe for target 'cmTC_f4bb4' failed
make[1]: *** [cmTC_f4bb4] Error 1
make[1]: Leaving directory '/home/advait/Desktop/Courses_Fall2021/ENPM808X/Assignments/TDD_Part1/tdd_exercise_empty/CMakeFiles/CMakeTmp'
Makefile:126: recipe for target 'cmTC_f4bb4/fast' failed
make: *** [cmTC_f4bb4/fast] Error 2

File /home/advait/Desktop/Courses_Fall2021/ENPM808X/Assignments/TDD_Part1/tdd_exercise_empty/CMakeFiles/CMakeTmp/CheckSymbolExists.c:
/* */
#include <pthread.h>

int main(int argc, char** argv)
{
  (void)argv;
#ifndef pthread_create
  return ((int*)(&pthread_create))[argc];
#else
  (void)argc;
  return 0;
#endif
}

Determining if the function pthread_create exists in the pthreads failed with the following output:
Change Dir: /home/advait/Desktop/Courses_Fall2021/ENPM808X/Assignments/TDD_Part1/tdd_exercise_empty/CMakeFiles/CMakeTmp

Run Build Command:"/usr/bin/make" "cmTC_46cf9/fast"
/usr/bin/make -f CMakeFiles/cmTC_46cf9.dir/build.make CMakeFiles/cmTC_46cf9.dir/build
make[1]: Entering directory '/home/advait/Desktop/Courses_Fall2021/ENPM808X/Assignments/TDD_Part1/tdd_exercise_empty/CMakeFiles/CMakeTmp'
Building C object CMakeFiles/cmTC_46cf9.dir/CheckFunctionExists.c.o
/usr/bin/cc   -g -O0 -fprofile-arcs -ftest-coverage -DCHECK_FUNCTION_EXISTS=pthread_create   -o CMakeFiles/cmTC_46cf9.dir/CheckFunctionExists.c.o   -c /usr/share/cmake-3.10/Modules/CheckFunctionExists.c
Linking C executable cmTC_46cf9
/usr/bin/cmake -E cmake_link_script CMakeFiles/cmTC_46cf9.dir/link.txt --verbose=1
/usr/bin/cc -g -O0 -fprofile-arcs -ftest-coverage -DCHECK_FUNCTION_EXISTS=pthread_create    -rdynamic CMakeFiles/cmTC_46cf9.dir/CheckFunctionExists.c.o  -o cmTC_46cf9 -lpthreads 
/usr/bin/ld: cannot find -lpthreads
collect2: error: ld returned 1 exit status
CMakeFiles/cmTC_46cf9.dir/build.make:97: recipe for target 'cmTC_46cf9' failed
make[1]: *** [cmTC_46cf9] Error 1
make[1]: Leaving directory '/home/advait/Desktop/Courses_Fall2021/ENPM808X/Assignments/TDD_Part1/tdd_exercise_empty/CMakeFiles/CMakeTmp'
Makefile:126: recipe for target 'cmTC_46cf9/fast' failed
make: *** [cmTC_46cf9/fast] Error 2


